2021-08-29 20:38:18,839 main INFO jar:file:/news-api-1.0.jar!/BOOT-INF/classes!/log4j2.xml does not support dynamic reconfiguration

  .   ____          _            __ _ _
 /\\ / ___'_ __ _ _(_)_ __  __ _ \ \ \ \
( ( )\___ | '_ | '_| | '_ \/ _` | \ \ \ \
 \\/  ___)| |_)| | | | | || (_| |  ) ) ) )
  '  |____| .__|_| |_|_| |_\__, | / / / /
 =========|_|==============|___/=/_/_/_/
 :: Spring Boot ::        (v2.3.2.RELEASE)

2021-08-29 20:38:19.054 - INFO - 1 --- [main] - c.s.n.NewsApplication - Trace-Id:  - Starting NewsApplication v1.0 on 20cd6cb9d42e with PID 1 (/news-api-1.0.jar started by root in /)  
2021-08-29 20:38:19.069 - INFO - 1 --- [main] - c.s.n.NewsApplication - Trace-Id:  - No active profile set, falling back to default profiles: default  
2021-08-29 20:38:20.767 - INFO - 1 --- [main] - i.g.r.u.RxJava2OnClasspathCondition - Trace-Id:  - RxJava2 related Aspect extensions are not activated, because RxJava2 is not on the classpath.  
2021-08-29 20:38:20.770 - INFO - 1 --- [main] - i.g.r.u.ReactorOnClasspathCondition - Trace-Id:  - Reactor related Aspect extensions are not activated because Reactor is not on the classpath.  
2021-08-29 20:38:20.793 - INFO - 1 --- [main] - i.g.r.u.RxJava2OnClasspathCondition - Trace-Id:  - RxJava2 related Aspect extensions are not activated, because RxJava2 is not on the classpath.  
2021-08-29 20:38:20.795 - INFO - 1 --- [main] - i.g.r.u.ReactorOnClasspathCondition - Trace-Id:  - Reactor related Aspect extensions are not activated because Reactor is not on the classpath.  
2021-08-29 20:38:20.833 - INFO - 1 --- [main] - i.g.r.u.RxJava2OnClasspathCondition - Trace-Id:  - RxJava2 related Aspect extensions are not activated, because RxJava2 is not on the classpath.  
2021-08-29 20:38:20.835 - INFO - 1 --- [main] - i.g.r.u.ReactorOnClasspathCondition - Trace-Id:  - Reactor related Aspect extensions are not activated because Reactor is not on the classpath.  
2021-08-29 20:38:20.858 - INFO - 1 --- [main] - i.g.r.u.RxJava2OnClasspathCondition - Trace-Id:  - RxJava2 related Aspect extensions are not activated, because RxJava2 is not on the classpath.  
2021-08-29 20:38:20.860 - INFO - 1 --- [main] - i.g.r.u.ReactorOnClasspathCondition - Trace-Id:  - Reactor related Aspect extensions are not activated because Reactor is not on the classpath.  
2021-08-29 20:38:20.882 - INFO - 1 --- [main] - i.g.r.u.RxJava2OnClasspathCondition - Trace-Id:  - RxJava2 related Aspect extensions are not activated, because RxJava2 is not on the classpath.  
2021-08-29 20:38:20.884 - INFO - 1 --- [main] - i.g.r.u.ReactorOnClasspathCondition - Trace-Id:  - Reactor related Aspect extensions are not activated because Reactor is not on the classpath.  
2021-08-29 20:38:20.905 - INFO - 1 --- [main] - i.g.r.u.RxJava2OnClasspathCondition - Trace-Id:  - RxJava2 related Aspect extensions are not activated, because RxJava2 is not on the classpath.  
2021-08-29 20:38:20.907 - INFO - 1 --- [main] - i.g.r.u.ReactorOnClasspathCondition - Trace-Id:  - Reactor related Aspect extensions are not activated because Reactor is not on the classpath.  
2021-08-29 20:38:22.391 - INFO - 1 --- [main] - o.e.j.u.log - Trace-Id:  - Logging initialized @5355ms to org.eclipse.jetty.util.log.Slf4jLog  
2021-08-29 20:38:22.782 - INFO - 1 --- [main] - c.s.n.c.JettyServletWebServerFactoryConfiguration$$EnhancerBySpringCGLIB$$c42cdd4c - Trace-Id:  - Server initialized with port: 8080  
2021-08-29 20:38:22.792 - INFO - 1 --- [main] - o.e.j.s.Server - Trace-Id:  - jetty-9.4.30.v20200611; built: 2020-06-11T12:34:51.929Z; git: 271836e4c1f4612f12b7bb13ef5a92a927634b0d; jvm 1.8.0_302-b08  
2021-08-29 20:38:22.827 - INFO - 1 --- [main] - o.e.j.s.h.C.application - Trace-Id:  - Initializing Spring embedded WebApplicationContext  
2021-08-29 20:38:22.828 - INFO - 1 --- [main] - o.s.b.w.s.c.ServletWebServerApplicationContext - Trace-Id:  - Root WebApplicationContext: initialization completed in 3685 ms  
2021-08-29 20:38:23.317 - INFO - 1 --- [main] - o.e.j.s.session - Trace-Id:  - DefaultSessionIdManager workerName=node0  
2021-08-29 20:38:23.318 - INFO - 1 --- [main] - o.e.j.s.session - Trace-Id:  - No SessionScavenger set, using defaults  
2021-08-29 20:38:23.319 - INFO - 1 --- [main] - o.e.j.s.session - Trace-Id:  - node0 Scavenging every 600000ms  
2021-08-29 20:38:23.330 - INFO - 1 --- [main] - o.e.j.s.h.ContextHandler - Trace-Id:  - Started o.s.b.w.e.j.JettyEmbeddedWebAppContext@13d9cbf5{application,/,[file:///tmp/jetty-docbase.3035787718052916872.8080/, jar:file:/news-api-1.0.jar!/BOOT-INF/lib/springfox-swagger-ui-2.9.2.jar!/META-INF/resources],AVAILABLE}  
2021-08-29 20:38:23.332 - INFO - 1 --- [main] - o.e.j.s.Server - Trace-Id:  - Started @6299ms  
2021-08-29 20:38:24.807 - INFO - 1 --- [main] - o.s.b.a.e.w.EndpointLinksResolver - Trace-Id:  - Exposing 2 endpoint(s) beneath base path '/actuator'  
2021-08-29 20:38:24.997 - INFO - 1 --- [main] - s.d.s.w.PropertySourcedRequestMappingHandlerMapping - Trace-Id:  - Mapped URL path [/v2/api-docs] onto method [springfox.documentation.swagger2.web.Swagger2Controller#getDocumentation(String, HttpServletRequest)]  
2021-08-29 20:38:25.235 - INFO - 1 --- [main] - o.s.s.c.ThreadPoolTaskExecutor - Trace-Id:  - Initializing ExecutorService 'applicationTaskExecutor'  
2021-08-29 20:38:25.766 - DEBUG - 1 --- [main] - o.s.w.f.CommonsRequestLoggingFilter - Trace-Id:  - Filter 'logFilter' configured for use  
2021-08-29 20:38:25.774 - INFO - 1 --- [main] - o.e.j.s.h.C.application - Trace-Id:  - Initializing Spring DispatcherServlet 'dispatcherServlet'  
2021-08-29 20:38:25.774 - INFO - 1 --- [main] - o.s.w.s.DispatcherServlet - Trace-Id:  - Initializing Servlet 'dispatcherServlet'  
2021-08-29 20:38:25.797 - INFO - 1 --- [main] - o.s.w.s.DispatcherServlet - Trace-Id:  - Completed initialization in 23 ms  
2021-08-29 20:38:25.838 - INFO - 1 --- [main] - o.e.j.s.AbstractConnector - Trace-Id:  - Started ServerConnector@496bc455{HTTP/1.1, (http/1.1)}{0.0.0.0:8080}  
2021-08-29 20:38:25.842 - INFO - 1 --- [main] - o.s.b.w.e.j.JettyWebServer - Trace-Id:  - Jetty started on port(s) 8080 (http/1.1) with context path ''  
2021-08-29 20:38:25.842 - INFO - 1 --- [main] - s.d.s.w.p.DocumentationPluginsBootstrapper - Trace-Id:  - Context refreshed  
2021-08-29 20:38:25.884 - INFO - 1 --- [main] - s.d.s.w.p.DocumentationPluginsBootstrapper - Trace-Id:  - Found 1 custom documentation plugin(s)  
2021-08-29 20:38:25.952 - INFO - 1 --- [main] - s.d.s.w.s.ApiListingReferenceScanner - Trace-Id:  - Scanning for api listing references  
2021-08-29 20:38:26.183 - INFO - 1 --- [main] - c.s.n.NewsApplication - Trace-Id:  - Started NewsApplication in 7.735 seconds (JVM running for 9.149)  
2021-08-29 20:38:26.650 - DEBUG - 1 --- [qtp1561063579-21] - o.s.w.f.CommonsRequestLoggingFilter - Trace-Id: a4e00a0e-7ed0-40b4-8e77-0d633cd3c920 - Before request [GET //v1/news/everything?keyword=apple&interval=12&intervalUnit=Hour]  
2021-08-29 20:38:26.715 - INFO - 1 --- [qtp1561063579-21] - c.s.n.a.NewsApi - Trace-Id: a4e00a0e-7ed0-40b4-8e77-0d633cd3c920 - New Request NewsRequest(keyword=apple, intervalUnit=Hour, interval=12)  
2021-08-29 20:38:27.957 - DEBUG - 1 --- [qtp1561063579-21] - o.s.w.f.CommonsRequestLoggingFilter - Trace-Id: a4e00a0e-7ed0-40b4-8e77-0d633cd3c920 - REQUEST DATA : GET //v1/news/everything?keyword=apple&interval=12&intervalUnit=Hour]  
2021-08-29 20:38:27.967 - INFO - 1 --- [qtp1561063579-21] - o.e.j.s.RequestLog - Trace-Id: a4e00a0e-7ed0-40b4-8e77-0d633cd3c920 - 172.17.0.1 - - [29/Aug/2021:20:38:26 +0000] "GET //v1/news/everything?keyword=apple&interval=12&intervalUnit=Hour HTTP/1.1" 200 5694 "-" "PostmanRuntime/7.28.0" 1355  
docker: Error response from daemon: driver failed programming external connectivity on endpoint heuristic_jemison (a2eb34b87c414ec710dcb4b1e1b2ba7a5a9ea22544a174fff6dee976a4cdc443): Bind for 0.0.0.0:8080 failed: port is already allocated.
2021-08-29 20:42:23.823 - INFO - 1 --- [SpringContextShutdownHook] - o.e.j.s.AbstractConnector - Trace-Id:  - Stopped ServerConnector@496bc455{HTTP/1.1, (http/1.1)}{0.0.0.0:8080}  
2021-08-29 20:42:23.823 - INFO - 1 --- [SpringContextShutdownHook] - o.e.j.s.session - Trace-Id:  - node0 Stopped scavenging  
2021-08-29 20:42:23.826 - INFO - 1 --- [SpringContextShutdownHook] - o.e.j.s.h.C.application - Trace-Id:  - Destroying Spring FrameworkServlet 'dispatcherServlet'  
2021-08-29 20:42:23.827 - INFO - 1 --- [SpringContextShutdownHook] - o.e.j.s.h.ContextHandler - Trace-Id:  - Stopped o.s.b.w.e.j.JettyEmbeddedWebAppContext@13d9cbf5{application,/,[file:///tmp/jetty-docbase.3035787718052916872.8080/, jar:file:/news-api-1.0.jar!/BOOT-INF/lib/springfox-swagger-ui-2.9.2.jar!/META-INF/resources],UNAVAILABLE}  
2021-08-29 20:42:23.829 - INFO - 1 --- [SpringContextShutdownHook] - o.s.s.c.ThreadPoolTaskExecutor - Trace-Id:  - Shutting down ExecutorService 'applicationTaskExecutor'  
2021-08-29 20:42:29,296 main INFO jar:file:/news-api-1.0.jar!/BOOT-INF/classes!/log4j2.xml does not support dynamic reconfiguration

  .   ____          _            __ _ _
 /\\ / ___'_ __ _ _(_)_ __  __ _ \ \ \ \
( ( )\___ | '_ | '_| | '_ \/ _` | \ \ \ \
 \\/  ___)| |_)| | | | | || (_| |  ) ) ) )
  '  |____| .__|_| |_|_| |_\__, | / / / /
 =========|_|==============|___/=/_/_/_/
 :: Spring Boot ::        (v2.3.2.RELEASE)

2021-08-29 20:42:29.467 - INFO - 1 --- [main] - c.s.n.NewsApplication - Trace-Id:  - Starting NewsApplication v1.0 on 6f8dd5fc95ac with PID 1 (/news-api-1.0.jar started by root in /)  
2021-08-29 20:42:29.479 - INFO - 1 --- [main] - c.s.n.NewsApplication - Trace-Id:  - No active profile set, falling back to default profiles: default  
2021-08-29 20:42:30.815 - INFO - 1 --- [main] - i.g.r.u.RxJava2OnClasspathCondition - Trace-Id:  - RxJava2 related Aspect extensions are not activated, because RxJava2 is not on the classpath.  
2021-08-29 20:42:30.819 - INFO - 1 --- [main] - i.g.r.u.ReactorOnClasspathCondition - Trace-Id:  - Reactor related Aspect extensions are not activated because Reactor is not on the classpath.  
2021-08-29 20:42:30.911 - INFO - 1 --- [main] - i.g.r.u.RxJava2OnClasspathCondition - Trace-Id:  - RxJava2 related Aspect extensions are not activated, because RxJava2 is not on the classpath.  
2021-08-29 20:42:30.913 - INFO - 1 --- [main] - i.g.r.u.ReactorOnClasspathCondition - Trace-Id:  - Reactor related Aspect extensions are not activated because Reactor is not on the classpath.  
2021-08-29 20:42:30.947 - INFO - 1 --- [main] - i.g.r.u.RxJava2OnClasspathCondition - Trace-Id:  - RxJava2 related Aspect extensions are not activated, because RxJava2 is not on the classpath.  
2021-08-29 20:42:30.950 - INFO - 1 --- [main] - i.g.r.u.ReactorOnClasspathCondition - Trace-Id:  - Reactor related Aspect extensions are not activated because Reactor is not on the classpath.  
2021-08-29 20:42:30.970 - INFO - 1 --- [main] - i.g.r.u.RxJava2OnClasspathCondition - Trace-Id:  - RxJava2 related Aspect extensions are not activated, because RxJava2 is not on the classpath.  
2021-08-29 20:42:30.973 - INFO - 1 --- [main] - i.g.r.u.ReactorOnClasspathCondition - Trace-Id:  - Reactor related Aspect extensions are not activated because Reactor is not on the classpath.  
2021-08-29 20:42:30.995 - INFO - 1 --- [main] - i.g.r.u.RxJava2OnClasspathCondition - Trace-Id:  - RxJava2 related Aspect extensions are not activated, because RxJava2 is not on the classpath.  
2021-08-29 20:42:30.997 - INFO - 1 --- [main] - i.g.r.u.ReactorOnClasspathCondition - Trace-Id:  - Reactor related Aspect extensions are not activated because Reactor is not on the classpath.  
2021-08-29 20:42:31.018 - INFO - 1 --- [main] - i.g.r.u.RxJava2OnClasspathCondition - Trace-Id:  - RxJava2 related Aspect extensions are not activated, because RxJava2 is not on the classpath.  
2021-08-29 20:42:31.020 - INFO - 1 --- [main] - i.g.r.u.ReactorOnClasspathCondition - Trace-Id:  - Reactor related Aspect extensions are not activated because Reactor is not on the classpath.  
2021-08-29 20:42:31.922 - INFO - 1 --- [main] - o.e.j.u.log - Trace-Id:  - Logging initialized @4492ms to org.eclipse.jetty.util.log.Slf4jLog  
2021-08-29 20:42:32.251 - INFO - 1 --- [main] - c.s.n.c.JettyServletWebServerFactoryConfiguration$$EnhancerBySpringCGLIB$$75b14af - Trace-Id:  - Server initialized with port: 8080  
2021-08-29 20:42:32.261 - INFO - 1 --- [main] - o.e.j.s.Server - Trace-Id:  - jetty-9.4.30.v20200611; built: 2020-06-11T12:34:51.929Z; git: 271836e4c1f4612f12b7bb13ef5a92a927634b0d; jvm 1.8.0_302-b08  
2021-08-29 20:42:32.294 - INFO - 1 --- [main] - o.e.j.s.h.C.application - Trace-Id:  - Initializing Spring embedded WebApplicationContext  
2021-08-29 20:42:32.294 - INFO - 1 --- [main] - o.s.b.w.s.c.ServletWebServerApplicationContext - Trace-Id:  - Root WebApplicationContext: initialization completed in 2744 ms  
2021-08-29 20:42:32.775 - INFO - 1 --- [main] - o.e.j.s.session - Trace-Id:  - DefaultSessionIdManager workerName=node0  
2021-08-29 20:42:32.775 - INFO - 1 --- [main] - o.e.j.s.session - Trace-Id:  - No SessionScavenger set, using defaults  
2021-08-29 20:42:32.777 - INFO - 1 --- [main] - o.e.j.s.session - Trace-Id:  - node0 Scavenging every 600000ms  
2021-08-29 20:42:32.789 - INFO - 1 --- [main] - o.e.j.s.h.ContextHandler - Trace-Id:  - Started o.s.b.w.e.j.JettyEmbeddedWebAppContext@6f8e8894{application,/,[file:///tmp/jetty-docbase.1407789362243459686.8080/, jar:file:/news-api-1.0.jar!/BOOT-INF/lib/springfox-swagger-ui-2.9.2.jar!/META-INF/resources],AVAILABLE}  
2021-08-29 20:42:32.791 - INFO - 1 --- [main] - o.e.j.s.Server - Trace-Id:  - Started @5363ms  
2021-08-29 20:42:34.225 - INFO - 1 --- [main] - o.s.b.a.e.w.EndpointLinksResolver - Trace-Id:  - Exposing 2 endpoint(s) beneath base path '/actuator'  
2021-08-29 20:42:34.416 - INFO - 1 --- [main] - s.d.s.w.PropertySourcedRequestMappingHandlerMapping - Trace-Id:  - Mapped URL path [/v2/api-docs] onto method [springfox.documentation.swagger2.web.Swagger2Controller#getDocumentation(String, HttpServletRequest)]  
2021-08-29 20:42:34.646 - INFO - 1 --- [main] - o.s.s.c.ThreadPoolTaskExecutor - Trace-Id:  - Initializing ExecutorService 'applicationTaskExecutor'  
2021-08-29 20:42:35.061 - DEBUG - 1 --- [main] - o.s.w.f.CommonsRequestLoggingFilter - Trace-Id:  - Filter 'logFilter' configured for use  
2021-08-29 20:42:35.067 - INFO - 1 --- [main] - o.e.j.s.h.C.application - Trace-Id:  - Initializing Spring DispatcherServlet 'dispatcherServlet'  
2021-08-29 20:42:35.067 - INFO - 1 --- [main] - o.s.w.s.DispatcherServlet - Trace-Id:  - Initializing Servlet 'dispatcherServlet'  
2021-08-29 20:42:35.088 - INFO - 1 --- [main] - o.s.w.s.DispatcherServlet - Trace-Id:  - Completed initialization in 21 ms  
2021-08-29 20:42:35.130 - INFO - 1 --- [main] - o.e.j.s.AbstractConnector - Trace-Id:  - Started ServerConnector@6d60fe40{HTTP/1.1, (http/1.1)}{0.0.0.0:8080}  
2021-08-29 20:42:35.134 - INFO - 1 --- [main] - o.s.b.w.e.j.JettyWebServer - Trace-Id:  - Jetty started on port(s) 8080 (http/1.1) with context path ''  
2021-08-29 20:42:35.135 - INFO - 1 --- [main] - s.d.s.w.p.DocumentationPluginsBootstrapper - Trace-Id:  - Context refreshed  
2021-08-29 20:42:35.180 - INFO - 1 --- [main] - s.d.s.w.p.DocumentationPluginsBootstrapper - Trace-Id:  - Found 1 custom documentation plugin(s)  
2021-08-29 20:42:35.254 - INFO - 1 --- [main] - s.d.s.w.s.ApiListingReferenceScanner - Trace-Id:  - Scanning for api listing references  
2021-08-29 20:42:35.617 - INFO - 1 --- [main] - c.s.n.NewsApplication - Trace-Id:  - Started NewsApplication in 6.74 seconds (JVM running for 8.189)  
2021-08-29 20:42:40.079 - DEBUG - 1 --- [qtp1959910454-28] - o.s.w.f.CommonsRequestLoggingFilter - Trace-Id: 351fb55b-8756-4ec5-a430-57587c018f9a - Before request [GET //v1/news/everything?keyword=apple&interval=12&intervalUnit=Hour]  
2021-08-29 20:42:40.147 - INFO - 1 --- [qtp1959910454-28] - c.s.n.a.NewsApi - Trace-Id: 351fb55b-8756-4ec5-a430-57587c018f9a - New Request NewsRequest(keyword=apple, intervalUnit=Hour, interval=12)  
2021-08-29 20:42:42.194 - DEBUG - 1 --- [qtp1959910454-28] - o.s.w.f.CommonsRequestLoggingFilter - Trace-Id: 351fb55b-8756-4ec5-a430-57587c018f9a - REQUEST DATA : GET //v1/news/everything?keyword=apple&interval=12&intervalUnit=Hour]  
2021-08-29 20:42:42.204 - INFO - 1 --- [qtp1959910454-28] - o.e.j.s.RequestLog - Trace-Id: 351fb55b-8756-4ec5-a430-57587c018f9a - 172.17.0.1 - - [29/Aug/2021:20:42:40 +0000] "GET //v1/news/everything?keyword=apple&interval=12&intervalUnit=Hour HTTP/1.1" 200 5696 "-" "PostmanRuntime/7.28.0" 2165  
2021-08-29 20:42:54.515 - INFO - 1 --- [SpringContextShutdownHook] - o.e.j.s.AbstractConnector - Trace-Id:  - Stopped ServerConnector@6d60fe40{HTTP/1.1, (http/1.1)}{0.0.0.0:8080}  
2021-08-29 20:42:54.515 - INFO - 1 --- [SpringContextShutdownHook] - o.e.j.s.session - Trace-Id:  - node0 Stopped scavenging  
2021-08-29 20:42:54.519 - INFO - 1 --- [SpringContextShutdownHook] - o.e.j.s.h.C.application - Trace-Id:  - Destroying Spring FrameworkServlet 'dispatcherServlet'  
2021-08-29 20:42:54.520 - INFO - 1 --- [SpringContextShutdownHook] - o.e.j.s.h.ContextHandler - Trace-Id:  - Stopped o.s.b.w.e.j.JettyEmbeddedWebAppContext@6f8e8894{application,/,[file:///tmp/jetty-docbase.1407789362243459686.8080/, jar:file:/news-api-1.0.jar!/BOOT-INF/lib/springfox-swagger-ui-2.9.2.jar!/META-INF/resources],UNAVAILABLE}  
2021-08-29 20:42:54.522 - INFO - 1 --- [SpringContextShutdownHook] - o.s.s.c.ThreadPoolTaskExecutor - Trace-Id:  - Shutting down ExecutorService 'applicationTaskExecutor'  
2021-08-29 20:43:05,957 main INFO jar:file:/news-api-1.0.jar!/BOOT-INF/classes!/log4j2.xml does not support dynamic reconfiguration

  .   ____          _            __ _ _
 /\\ / ___'_ __ _ _(_)_ __  __ _ \ \ \ \
( ( )\___ | '_ | '_| | '_ \/ _` | \ \ \ \
 \\/  ___)| |_)| | | | | || (_| |  ) ) ) )
  '  |____| .__|_| |_|_| |_\__, | / / / /
 =========|_|==============|___/=/_/_/_/
 :: Spring Boot ::        (v2.3.2.RELEASE)

2021-08-29 20:43:06.159 - INFO - 1 --- [main] - c.s.n.NewsApplication - Trace-Id:  - Starting NewsApplication v1.0 on 697d7ec8063d with PID 1 (/news-api-1.0.jar started by root in /)  
2021-08-29 20:43:06.173 - INFO - 1 --- [main] - c.s.n.NewsApplication - Trace-Id:  - No active profile set, falling back to default profiles: default  
2021-08-29 20:43:07.629 - INFO - 1 --- [main] - i.g.r.u.RxJava2OnClasspathCondition - Trace-Id:  - RxJava2 related Aspect extensions are not activated, because RxJava2 is not on the classpath.  
2021-08-29 20:43:07.633 - INFO - 1 --- [main] - i.g.r.u.ReactorOnClasspathCondition - Trace-Id:  - Reactor related Aspect extensions are not activated because Reactor is not on the classpath.  
2021-08-29 20:43:07.654 - INFO - 1 --- [main] - i.g.r.u.RxJava2OnClasspathCondition - Trace-Id:  - RxJava2 related Aspect extensions are not activated, because RxJava2 is not on the classpath.  
2021-08-29 20:43:07.656 - INFO - 1 --- [main] - i.g.r.u.ReactorOnClasspathCondition - Trace-Id:  - Reactor related Aspect extensions are not activated because Reactor is not on the classpath.  
2021-08-29 20:43:07.693 - INFO - 1 --- [main] - i.g.r.u.RxJava2OnClasspathCondition - Trace-Id:  - RxJava2 related Aspect extensions are not activated, because RxJava2 is not on the classpath.  
2021-08-29 20:43:07.696 - INFO - 1 --- [main] - i.g.r.u.ReactorOnClasspathCondition - Trace-Id:  - Reactor related Aspect extensions are not activated because Reactor is not on the classpath.  
2021-08-29 20:43:07.719 - INFO - 1 --- [main] - i.g.r.u.RxJava2OnClasspathCondition - Trace-Id:  - RxJava2 related Aspect extensions are not activated, because RxJava2 is not on the classpath.  
2021-08-29 20:43:07.721 - INFO - 1 --- [main] - i.g.r.u.ReactorOnClasspathCondition - Trace-Id:  - Reactor related Aspect extensions are not activated because Reactor is not on the classpath.  
2021-08-29 20:43:07.745 - INFO - 1 --- [main] - i.g.r.u.RxJava2OnClasspathCondition - Trace-Id:  - RxJava2 related Aspect extensions are not activated, because RxJava2 is not on the classpath.  
2021-08-29 20:43:07.748 - INFO - 1 --- [main] - i.g.r.u.ReactorOnClasspathCondition - Trace-Id:  - Reactor related Aspect extensions are not activated because Reactor is not on the classpath.  
2021-08-29 20:43:07.769 - INFO - 1 --- [main] - i.g.r.u.RxJava2OnClasspathCondition - Trace-Id:  - RxJava2 related Aspect extensions are not activated, because RxJava2 is not on the classpath.  
2021-08-29 20:43:07.771 - INFO - 1 --- [main] - i.g.r.u.ReactorOnClasspathCondition - Trace-Id:  - Reactor related Aspect extensions are not activated because Reactor is not on the classpath.  
2021-08-29 20:43:08.708 - INFO - 1 --- [main] - o.e.j.u.log - Trace-Id:  - Logging initialized @4610ms to org.eclipse.jetty.util.log.Slf4jLog  
2021-08-29 20:43:09.045 - INFO - 1 --- [main] - c.s.n.c.JettyServletWebServerFactoryConfiguration$$EnhancerBySpringCGLIB$$85482c90 - Trace-Id:  - Server initialized with port: 8080  
2021-08-29 20:43:09.055 - INFO - 1 --- [main] - o.e.j.s.Server - Trace-Id:  - jetty-9.4.30.v20200611; built: 2020-06-11T12:34:51.929Z; git: 271836e4c1f4612f12b7bb13ef5a92a927634b0d; jvm 1.8.0_302-b08  
2021-08-29 20:43:09.088 - INFO - 1 --- [main] - o.e.j.s.h.C.application - Trace-Id:  - Initializing Spring embedded WebApplicationContext  
2021-08-29 20:43:09.088 - INFO - 1 --- [main] - o.s.b.w.s.c.ServletWebServerApplicationContext - Trace-Id:  - Root WebApplicationContext: initialization completed in 2849 ms  
2021-08-29 20:43:09.528 - INFO - 1 --- [main] - o.e.j.s.session - Trace-Id:  - DefaultSessionIdManager workerName=node0  
2021-08-29 20:43:09.529 - INFO - 1 --- [main] - o.e.j.s.session - Trace-Id:  - No SessionScavenger set, using defaults  
2021-08-29 20:43:09.531 - INFO - 1 --- [main] - o.e.j.s.session - Trace-Id:  - node0 Scavenging every 660000ms  
2021-08-29 20:43:09.543 - INFO - 1 --- [main] - o.e.j.s.h.ContextHandler - Trace-Id:  - Started o.s.b.w.e.j.JettyEmbeddedWebAppContext@1e13529a{application,/,[file:///tmp/jetty-docbase.5731897500293918931.8080/, jar:file:/news-api-1.0.jar!/BOOT-INF/lib/springfox-swagger-ui-2.9.2.jar!/META-INF/resources],AVAILABLE}  
2021-08-29 20:43:09.545 - INFO - 1 --- [main] - o.e.j.s.Server - Trace-Id:  - Started @5449ms  
2021-08-29 20:43:10.890 - INFO - 1 --- [main] - o.s.b.a.e.w.EndpointLinksResolver - Trace-Id:  - Exposing 2 endpoint(s) beneath base path '/actuator'  
2021-08-29 20:43:11.082 - INFO - 1 --- [main] - s.d.s.w.PropertySourcedRequestMappingHandlerMapping - Trace-Id:  - Mapped URL path [/v2/api-docs] onto method [springfox.documentation.swagger2.web.Swagger2Controller#getDocumentation(String, HttpServletRequest)]  
2021-08-29 20:43:11.345 - INFO - 1 --- [main] - o.s.s.c.ThreadPoolTaskExecutor - Trace-Id:  - Initializing ExecutorService 'applicationTaskExecutor'  
2021-08-29 20:43:11.723 - DEBUG - 1 --- [main] - o.s.w.f.CommonsRequestLoggingFilter - Trace-Id:  - Filter 'logFilter' configured for use  
2021-08-29 20:43:11.730 - INFO - 1 --- [main] - o.e.j.s.h.C.application - Trace-Id:  - Initializing Spring DispatcherServlet 'dispatcherServlet'  
2021-08-29 20:43:11.730 - INFO - 1 --- [main] - o.s.w.s.DispatcherServlet - Trace-Id:  - Initializing Servlet 'dispatcherServlet'  
2021-08-29 20:43:11.750 - INFO - 1 --- [main] - o.s.w.s.DispatcherServlet - Trace-Id:  - Completed initialization in 20 ms  
2021-08-29 20:43:11.790 - INFO - 1 --- [main] - o.e.j.s.AbstractConnector - Trace-Id:  - Started ServerConnector@2b30a42c{HTTP/1.1, (http/1.1)}{0.0.0.0:8080}  
2021-08-29 20:43:11.793 - INFO - 1 --- [main] - o.s.b.w.e.j.JettyWebServer - Trace-Id:  - Jetty started on port(s) 8080 (http/1.1) with context path ''  
2021-08-29 20:43:11.794 - INFO - 1 --- [main] - s.d.s.w.p.DocumentationPluginsBootstrapper - Trace-Id:  - Context refreshed  
2021-08-29 20:43:11.839 - INFO - 1 --- [main] - s.d.s.w.p.DocumentationPluginsBootstrapper - Trace-Id:  - Found 1 custom documentation plugin(s)  
2021-08-29 20:43:12.043 - INFO - 1 --- [main] - s.d.s.w.s.ApiListingReferenceScanner - Trace-Id:  - Scanning for api listing references  
2021-08-29 20:43:12.281 - INFO - 1 --- [main] - c.s.n.NewsApplication - Trace-Id:  - Started NewsApplication in 6.751 seconds (JVM running for 8.22)  
2021-08-29 20:43:15.645 - DEBUG - 1 --- [qtp480490520-28] - o.s.w.f.CommonsRequestLoggingFilter - Trace-Id: 19fc22f8-3a1a-4e94-bc8d-6b4d643a76c8 - Before request [GET //v1/news/everything?keyword=apple&interval=12&intervalUnit=Hour]  
2021-08-29 20:43:15.712 - INFO - 1 --- [qtp480490520-28] - c.s.n.a.NewsApi - Trace-Id: 19fc22f8-3a1a-4e94-bc8d-6b4d643a76c8 - New Request NewsRequest(keyword=apple, intervalUnit=Hour, interval=12)  
2021-08-29 20:43:17.870 - DEBUG - 1 --- [qtp480490520-28] - o.s.w.f.CommonsRequestLoggingFilter - Trace-Id: 19fc22f8-3a1a-4e94-bc8d-6b4d643a76c8 - REQUEST DATA : GET //v1/news/everything?keyword=apple&interval=12&intervalUnit=Hour]  
2021-08-29 20:43:17.881 - INFO - 1 --- [qtp480490520-28] - o.e.j.s.RequestLog - Trace-Id: 19fc22f8-3a1a-4e94-bc8d-6b4d643a76c8 - 172.17.0.1 - - [29/Aug/2021:20:43:15 +0000] "GET //v1/news/everything?keyword=apple&interval=12&intervalUnit=Hour HTTP/1.1" 200 5696 "-" "PostmanRuntime/7.28.0" 2275  
2021-08-29 20:43:48.842 - INFO - 1 --- [SpringContextShutdownHook] - o.e.j.s.AbstractConnector - Trace-Id:  - Stopped ServerConnector@2b30a42c{HTTP/1.1, (http/1.1)}{0.0.0.0:8080}  
2021-08-29 20:43:48.842 - INFO - 1 --- [SpringContextShutdownHook] - o.e.j.s.session - Trace-Id:  - node0 Stopped scavenging  
2021-08-29 20:43:48.846 - INFO - 1 --- [SpringContextShutdownHook] - o.e.j.s.h.C.application - Trace-Id:  - Destroying Spring FrameworkServlet 'dispatcherServlet'  
2021-08-29 20:43:48.847 - INFO - 1 --- [SpringContextShutdownHook] - o.e.j.s.h.ContextHandler - Trace-Id:  - Stopped o.s.b.w.e.j.JettyEmbeddedWebAppContext@1e13529a{application,/,[file:///tmp/jetty-docbase.5731897500293918931.8080/, jar:file:/news-api-1.0.jar!/BOOT-INF/lib/springfox-swagger-ui-2.9.2.jar!/META-INF/resources],UNAVAILABLE}  
2021-08-29 20:43:48.854 - INFO - 1 --- [SpringContextShutdownHook] - o.s.s.c.ThreadPoolTaskExecutor - Trace-Id:  - Shutting down ExecutorService 'applicationTaskExecutor'  
2021-08-30 06:42:47,908 main INFO jar:file:/news-api-1.0.jar!/BOOT-INF/classes!/log4j2.xml does not support dynamic reconfiguration

  .   ____          _            __ _ _
 /\\ / ___'_ __ _ _(_)_ __  __ _ \ \ \ \
( ( )\___ | '_ | '_| | '_ \/ _` | \ \ \ \
 \\/  ___)| |_)| | | | | || (_| |  ) ) ) )
  '  |____| .__|_| |_|_| |_\__, | / / / /
 =========|_|==============|___/=/_/_/_/
 :: Spring Boot ::        (v2.3.2.RELEASE)

2021-08-30 06:42:48.146 - INFO - 1 --- [main] - c.s.n.NewsApplication - Trace-Id:  - Starting NewsApplication v1.0 on c8692c43a7a7 with PID 1 (/news-api-1.0.jar started by root in /)  
2021-08-30 06:42:48.163 - INFO - 1 --- [main] - c.s.n.NewsApplication - Trace-Id:  - No active profile set, falling back to default profiles: default  
2021-08-30 06:42:49.954 - INFO - 1 --- [main] - i.g.r.u.RxJava2OnClasspathCondition - Trace-Id:  - RxJava2 related Aspect extensions are not activated, because RxJava2 is not on the classpath.  
2021-08-30 06:42:49.960 - INFO - 1 --- [main] - i.g.r.u.ReactorOnClasspathCondition - Trace-Id:  - Reactor related Aspect extensions are not activated because Reactor is not on the classpath.  
2021-08-30 06:42:49.991 - INFO - 1 --- [main] - i.g.r.u.RxJava2OnClasspathCondition - Trace-Id:  - RxJava2 related Aspect extensions are not activated, because RxJava2 is not on the classpath.  
2021-08-30 06:42:49.995 - INFO - 1 --- [main] - i.g.r.u.ReactorOnClasspathCondition - Trace-Id:  - Reactor related Aspect extensions are not activated because Reactor is not on the classpath.  
2021-08-30 06:42:50.047 - INFO - 1 --- [main] - i.g.r.u.RxJava2OnClasspathCondition - Trace-Id:  - RxJava2 related Aspect extensions are not activated, because RxJava2 is not on the classpath.  
2021-08-30 06:42:50.051 - INFO - 1 --- [main] - i.g.r.u.ReactorOnClasspathCondition - Trace-Id:  - Reactor related Aspect extensions are not activated because Reactor is not on the classpath.  
2021-08-30 06:42:50.081 - INFO - 1 --- [main] - i.g.r.u.RxJava2OnClasspathCondition - Trace-Id:  - RxJava2 related Aspect extensions are not activated, because RxJava2 is not on the classpath.  
2021-08-30 06:42:50.083 - INFO - 1 --- [main] - i.g.r.u.ReactorOnClasspathCondition - Trace-Id:  - Reactor related Aspect extensions are not activated because Reactor is not on the classpath.  
2021-08-30 06:42:50.110 - INFO - 1 --- [main] - i.g.r.u.RxJava2OnClasspathCondition - Trace-Id:  - RxJava2 related Aspect extensions are not activated, because RxJava2 is not on the classpath.  
2021-08-30 06:42:50.112 - INFO - 1 --- [main] - i.g.r.u.ReactorOnClasspathCondition - Trace-Id:  - Reactor related Aspect extensions are not activated because Reactor is not on the classpath.  
2021-08-30 06:42:50.135 - INFO - 1 --- [main] - i.g.r.u.RxJava2OnClasspathCondition - Trace-Id:  - RxJava2 related Aspect extensions are not activated, because RxJava2 is not on the classpath.  
2021-08-30 06:42:50.138 - INFO - 1 --- [main] - i.g.r.u.ReactorOnClasspathCondition - Trace-Id:  - Reactor related Aspect extensions are not activated because Reactor is not on the classpath.  
2021-08-30 06:42:51.186 - INFO - 1 --- [main] - o.e.j.u.log - Trace-Id:  - Logging initialized @5248ms to org.eclipse.jetty.util.log.Slf4jLog  
2021-08-30 06:42:51.491 - INFO - 1 --- [main] - c.s.n.c.JettyServletWebServerFactoryConfiguration$$EnhancerBySpringCGLIB$$c42cdd4c - Trace-Id:  - Server initialized with port: 8080  
2021-08-30 06:42:51.500 - INFO - 1 --- [main] - o.e.j.s.Server - Trace-Id:  - jetty-9.4.30.v20200611; built: 2020-06-11T12:34:51.929Z; git: 271836e4c1f4612f12b7bb13ef5a92a927634b0d; jvm 1.8.0_302-b08  
2021-08-30 06:42:51.532 - INFO - 1 --- [main] - o.e.j.s.h.C.application - Trace-Id:  - Initializing Spring embedded WebApplicationContext  
2021-08-30 06:42:51.533 - INFO - 1 --- [main] - o.s.b.w.s.c.ServletWebServerApplicationContext - Trace-Id:  - Root WebApplicationContext: initialization completed in 3290 ms  
2021-08-30 06:42:52.012 - INFO - 1 --- [main] - o.e.j.s.session - Trace-Id:  - DefaultSessionIdManager workerName=node0  
2021-08-30 06:42:52.013 - INFO - 1 --- [main] - o.e.j.s.session - Trace-Id:  - No SessionScavenger set, using defaults  
2021-08-30 06:42:52.015 - INFO - 1 --- [main] - o.e.j.s.session - Trace-Id:  - node0 Scavenging every 660000ms  
2021-08-30 06:42:52.027 - INFO - 1 --- [main] - o.e.j.s.h.ContextHandler - Trace-Id:  - Started o.s.b.w.e.j.JettyEmbeddedWebAppContext@13d9cbf5{application,/,[file:///tmp/jetty-docbase.6961973650228622599.8080/, jar:file:/news-api-1.0.jar!/BOOT-INF/lib/springfox-swagger-ui-2.9.2.jar!/META-INF/resources],AVAILABLE}  
2021-08-30 06:42:52.029 - INFO - 1 --- [main] - o.e.j.s.Server - Trace-Id:  - Started @6092ms  
2021-08-30 06:42:53.520 - INFO - 1 --- [main] - o.s.b.a.e.w.EndpointLinksResolver - Trace-Id:  - Exposing 2 endpoint(s) beneath base path '/actuator'  
2021-08-30 06:42:53.691 - INFO - 1 --- [main] - s.d.s.w.PropertySourcedRequestMappingHandlerMapping - Trace-Id:  - Mapped URL path [/v2/api-docs] onto method [springfox.documentation.swagger2.web.Swagger2Controller#getDocumentation(String, HttpServletRequest)]  
2021-08-30 06:42:53.914 - INFO - 1 --- [main] - o.s.s.c.ThreadPoolTaskExecutor - Trace-Id:  - Initializing ExecutorService 'applicationTaskExecutor'  
2021-08-30 06:42:54.423 - DEBUG - 1 --- [main] - o.s.w.f.CommonsRequestLoggingFilter - Trace-Id:  - Filter 'logFilter' configured for use  
2021-08-30 06:42:54.429 - INFO - 1 --- [main] - o.e.j.s.h.C.application - Trace-Id:  - Initializing Spring DispatcherServlet 'dispatcherServlet'  
2021-08-30 06:42:54.429 - INFO - 1 --- [main] - o.s.w.s.DispatcherServlet - Trace-Id:  - Initializing Servlet 'dispatcherServlet'  
2021-08-30 06:42:54.448 - INFO - 1 --- [main] - o.s.w.s.DispatcherServlet - Trace-Id:  - Completed initialization in 18 ms  
2021-08-30 06:42:54.487 - INFO - 1 --- [main] - o.e.j.s.AbstractConnector - Trace-Id:  - Started ServerConnector@496bc455{HTTP/1.1, (http/1.1)}{0.0.0.0:8080}  
2021-08-30 06:42:54.491 - INFO - 1 --- [main] - o.s.b.w.e.j.JettyWebServer - Trace-Id:  - Jetty started on port(s) 8080 (http/1.1) with context path ''  
2021-08-30 06:42:54.492 - INFO - 1 --- [main] - s.d.s.w.p.DocumentationPluginsBootstrapper - Trace-Id:  - Context refreshed  
2021-08-30 06:42:54.534 - INFO - 1 --- [main] - s.d.s.w.p.DocumentationPluginsBootstrapper - Trace-Id:  - Found 1 custom documentation plugin(s)  
2021-08-30 06:42:54.600 - INFO - 1 --- [main] - s.d.s.w.s.ApiListingReferenceScanner - Trace-Id:  - Scanning for api listing references  
2021-08-30 06:42:54.838 - INFO - 1 --- [main] - c.s.n.NewsApplication - Trace-Id:  - Started NewsApplication in 7.354 seconds (JVM running for 8.902)  
2021-08-30 06:42:58.056 - DEBUG - 1 --- [qtp1561063579-21] - o.s.w.f.CommonsRequestLoggingFilter - Trace-Id: e2520f04-487a-4cd1-8143-295a774bf776 - Before request [GET /swagger-ui.html]  
2021-08-30 06:42:58.098 - DEBUG - 1 --- [qtp1561063579-21] - o.s.w.f.CommonsRequestLoggingFilter - Trace-Id: e2520f04-487a-4cd1-8143-295a774bf776 - REQUEST DATA : GET /swagger-ui.html]  
2021-08-30 06:42:58.106 - INFO - 1 --- [qtp1561063579-21] - o.e.j.s.RequestLog - Trace-Id: e2520f04-487a-4cd1-8143-295a774bf776 - 172.17.0.1 - - [30/Aug/2021:06:42:58 +0000] "GET /swagger-ui.html HTTP/1.1" 200 1195 "-" "Mozilla/5.0 (Macintosh; Intel Mac OS X 10_15_7) AppleWebKit/537.36 (KHTML, like Gecko) Chrome/92.0.4515.159 Safari/537.36" 96  
2021-08-30 06:42:58.119 - DEBUG - 1 --- [qtp1561063579-21] - o.s.w.f.CommonsRequestLoggingFilter - Trace-Id: 948efabd-ba3f-4ca9-a419-bab020df9df2 - Before request [GET /webjars/springfox-swagger-ui/swagger-ui-bundle.js?v=2.9.2]  
2021-08-30 06:42:58.119 - DEBUG - 1 --- [qtp1561063579-18] - o.s.w.f.CommonsRequestLoggingFilter - Trace-Id: b20f924c-1dc3-4ee4-93b1-4413d7e7793e - Before request [GET /webjars/springfox-swagger-ui/swagger-ui-standalone-preset.js?v=2.9.2]  
2021-08-30 06:42:58.120 - DEBUG - 1 --- [qtp1561063579-15] - o.s.w.f.CommonsRequestLoggingFilter - Trace-Id: ae681345-e991-4a01-9851-8a91b7cfc24d - Before request [GET /webjars/springfox-swagger-ui/springfox.js?v=2.9.2]  
2021-08-30 06:42:58.123 - DEBUG - 1 --- [qtp1561063579-16] - o.s.w.f.CommonsRequestLoggingFilter - Trace-Id: 26bff6c7-5598-4a9b-8995-33831fb0da2f - Before request [GET /webjars/springfox-swagger-ui/swagger-ui.css?v=2.9.2]  
2021-08-30 06:42:58.130 - DEBUG - 1 --- [qtp1561063579-15] - o.s.w.f.CommonsRequestLoggingFilter - Trace-Id: ae681345-e991-4a01-9851-8a91b7cfc24d - REQUEST DATA : GET /webjars/springfox-swagger-ui/springfox.js?v=2.9.2]  
2021-08-30 06:42:58.133 - DEBUG - 1 --- [qtp1561063579-16] - o.s.w.f.CommonsRequestLoggingFilter - Trace-Id: 26bff6c7-5598-4a9b-8995-33831fb0da2f - REQUEST DATA : GET /webjars/springfox-swagger-ui/swagger-ui.css?v=2.9.2]  
2021-08-30 06:42:58.134 - INFO - 1 --- [qtp1561063579-16] - o.e.j.s.RequestLog - Trace-Id: 26bff6c7-5598-4a9b-8995-33831fb0da2f - 172.17.0.1 - - [30/Aug/2021:06:42:58 +0000] "GET /webjars/springfox-swagger-ui/swagger-ui.css?v=2.9.2 HTTP/1.1" 200 22732 "http://localhost:8080/swagger-ui.html" "Mozilla/5.0 (Macintosh; Intel Mac OS X 10_15_7) AppleWebKit/537.36 (KHTML, like Gecko) Chrome/92.0.4515.159 Safari/537.36" 15  
2021-08-30 06:42:58.134 - INFO - 1 --- [qtp1561063579-15] - o.e.j.s.RequestLog - Trace-Id: ae681345-e991-4a01-9851-8a91b7cfc24d - 172.17.0.1 - - [30/Aug/2021:06:42:58 +0000] "GET /webjars/springfox-swagger-ui/springfox.js?v=2.9.2 HTTP/1.1" 200 31127 "http://localhost:8080/swagger-ui.html" "Mozilla/5.0 (Macintosh; Intel Mac OS X 10_15_7) AppleWebKit/537.36 (KHTML, like Gecko) Chrome/92.0.4515.159 Safari/537.36" 15  
2021-08-30 06:42:58.148 - DEBUG - 1 --- [qtp1561063579-18] - o.s.w.f.CommonsRequestLoggingFilter - Trace-Id: b20f924c-1dc3-4ee4-93b1-4413d7e7793e - REQUEST DATA : GET /webjars/springfox-swagger-ui/swagger-ui-standalone-preset.js?v=2.9.2]  
2021-08-30 06:42:58.149 - INFO - 1 --- [qtp1561063579-18] - o.e.j.s.RequestLog - Trace-Id: b20f924c-1dc3-4ee4-93b1-4413d7e7793e - 172.17.0.1 - - [30/Aug/2021:06:42:58 +0000] "GET /webjars/springfox-swagger-ui/swagger-ui-standalone-preset.js?v=2.9.2 HTTP/1.1" 200 121845 "http://localhost:8080/swagger-ui.html" "Mozilla/5.0 (Macintosh; Intel Mac OS X 10_15_7) AppleWebKit/537.36 (KHTML, like Gecko) Chrome/92.0.4515.159 Safari/537.36" 30  
2021-08-30 06:42:58.154 - DEBUG - 1 --- [qtp1561063579-28] - o.s.w.f.CommonsRequestLoggingFilter - Trace-Id: b9309fb8-86f5-4ade-b352-7a83c0fcff15 - Before request [GET /webjars/springfox-swagger-ui/springfox.css?v=2.9.2]  
2021-08-30 06:42:58.159 - DEBUG - 1 --- [qtp1561063579-28] - o.s.w.f.CommonsRequestLoggingFilter - Trace-Id: b9309fb8-86f5-4ade-b352-7a83c0fcff15 - REQUEST DATA : GET /webjars/springfox-swagger-ui/springfox.css?v=2.9.2]  
2021-08-30 06:42:58.159 - INFO - 1 --- [qtp1561063579-28] - o.e.j.s.RequestLog - Trace-Id: b9309fb8-86f5-4ade-b352-7a83c0fcff15 - 172.17.0.1 - - [30/Aug/2021:06:42:58 +0000] "GET /webjars/springfox-swagger-ui/springfox.css?v=2.9.2 HTTP/1.1" 200 462 "http://localhost:8080/swagger-ui.html" "Mozilla/5.0 (Macintosh; Intel Mac OS X 10_15_7) AppleWebKit/537.36 (KHTML, like Gecko) Chrome/92.0.4515.159 Safari/537.36" 6  
2021-08-30 06:42:58.195 - DEBUG - 1 --- [qtp1561063579-21] - o.s.w.f.CommonsRequestLoggingFilter - Trace-Id: 948efabd-ba3f-4ca9-a419-bab020df9df2 - REQUEST DATA : GET /webjars/springfox-swagger-ui/swagger-ui-bundle.js?v=2.9.2]  
2021-08-30 06:42:58.196 - INFO - 1 --- [qtp1561063579-21] - o.e.j.s.RequestLog - Trace-Id: 948efabd-ba3f-4ca9-a419-bab020df9df2 - 172.17.0.1 - - [30/Aug/2021:06:42:58 +0000] "GET /webjars/springfox-swagger-ui/swagger-ui-bundle.js?v=2.9.2 HTTP/1.1" 200 408396 "http://localhost:8080/swagger-ui.html" "Mozilla/5.0 (Macintosh; Intel Mac OS X 10_15_7) AppleWebKit/537.36 (KHTML, like Gecko) Chrome/92.0.4515.159 Safari/537.36" 78  
2021-08-30 06:42:58.891 - DEBUG - 1 --- [qtp1561063579-17] - o.s.w.f.CommonsRequestLoggingFilter - Trace-Id: 2aa1cf44-8cbd-4f50-8dfe-52e980c55108 - Before request [GET /swagger-resources/configuration/ui]  
2021-08-30 06:42:58.898 - DEBUG - 1 --- [qtp1561063579-29] - o.s.w.f.CommonsRequestLoggingFilter - Trace-Id: 07eb501d-ea69-48ff-950f-a23cf3635aed - Before request [GET /webjars/springfox-swagger-ui/favicon-32x32.png?v=2.9.2]  
2021-08-30 06:42:58.901 - DEBUG - 1 --- [qtp1561063579-29] - o.s.w.f.CommonsRequestLoggingFilter - Trace-Id: 07eb501d-ea69-48ff-950f-a23cf3635aed - REQUEST DATA : GET /webjars/springfox-swagger-ui/favicon-32x32.png?v=2.9.2]  
2021-08-30 06:42:58.902 - INFO - 1 --- [qtp1561063579-29] - o.e.j.s.RequestLog - Trace-Id: 07eb501d-ea69-48ff-950f-a23cf3635aed - 172.17.0.1 - - [30/Aug/2021:06:42:58 +0000] "GET /webjars/springfox-swagger-ui/favicon-32x32.png?v=2.9.2 HTTP/1.1" 200 1141 "http://localhost:8080/swagger-ui.html" "Mozilla/5.0 (Macintosh; Intel Mac OS X 10_15_7) AppleWebKit/537.36 (KHTML, like Gecko) Chrome/92.0.4515.159 Safari/537.36" 4  
2021-08-30 06:42:58.963 - DEBUG - 1 --- [qtp1561063579-17] - o.s.w.f.CommonsRequestLoggingFilter - Trace-Id: 2aa1cf44-8cbd-4f50-8dfe-52e980c55108 - REQUEST DATA : GET /swagger-resources/configuration/ui]  
2021-08-30 06:42:58.964 - INFO - 1 --- [qtp1561063579-17] - o.e.j.s.RequestLog - Trace-Id: 2aa1cf44-8cbd-4f50-8dfe-52e980c55108 - 172.17.0.1 - - [30/Aug/2021:06:42:58 +0000] "GET /swagger-resources/configuration/ui HTTP/1.1" 200 253 "http://localhost:8080/swagger-ui.html" "Mozilla/5.0 (Macintosh; Intel Mac OS X 10_15_7) AppleWebKit/537.36 (KHTML, like Gecko) Chrome/92.0.4515.159 Safari/537.36" 74  
2021-08-30 06:42:58.968 - DEBUG - 1 --- [qtp1561063579-28] - o.s.w.f.CommonsRequestLoggingFilter - Trace-Id: 5c1e387a-dc88-439e-8cf0-15a3447092f1 - Before request [GET /swagger-resources/configuration/security]  
2021-08-30 06:42:58.975 - DEBUG - 1 --- [qtp1561063579-28] - o.s.w.f.CommonsRequestLoggingFilter - Trace-Id: 5c1e387a-dc88-439e-8cf0-15a3447092f1 - REQUEST DATA : GET /swagger-resources/configuration/security]  
2021-08-30 06:42:58.976 - INFO - 1 --- [qtp1561063579-28] - o.e.j.s.RequestLog - Trace-Id: 5c1e387a-dc88-439e-8cf0-15a3447092f1 - 172.17.0.1 - - [30/Aug/2021:06:42:58 +0000] "GET /swagger-resources/configuration/security HTTP/1.1" 200 22 "http://localhost:8080/swagger-ui.html" "Mozilla/5.0 (Macintosh; Intel Mac OS X 10_15_7) AppleWebKit/537.36 (KHTML, like Gecko) Chrome/92.0.4515.159 Safari/537.36" 9  
2021-08-30 06:42:58.982 - DEBUG - 1 --- [qtp1561063579-29] - o.s.w.f.CommonsRequestLoggingFilter - Trace-Id: 064611b6-1601-4f02-870d-1c8e0eae89dc - Before request [GET /swagger-resources]  
2021-08-30 06:42:58.986 - DEBUG - 1 --- [qtp1561063579-29] - o.s.w.f.CommonsRequestLoggingFilter - Trace-Id: 064611b6-1601-4f02-870d-1c8e0eae89dc - REQUEST DATA : GET /swagger-resources]  
2021-08-30 06:42:58.987 - INFO - 1 --- [qtp1561063579-29] - o.e.j.s.RequestLog - Trace-Id: 064611b6-1601-4f02-870d-1c8e0eae89dc - 172.17.0.1 - - [30/Aug/2021:06:42:58 +0000] "GET /swagger-resources HTTP/1.1" 200 90 "http://localhost:8080/swagger-ui.html" "Mozilla/5.0 (Macintosh; Intel Mac OS X 10_15_7) AppleWebKit/537.36 (KHTML, like Gecko) Chrome/92.0.4515.159 Safari/537.36" 5  
2021-08-30 06:42:59.022 - DEBUG - 1 --- [qtp1561063579-30] - o.s.w.f.CommonsRequestLoggingFilter - Trace-Id: 179d9f92-937f-4ce4-b289-e6b13d60d230 - Before request [GET /]  
2021-08-30 06:42:59.022 - DEBUG - 1 --- [qtp1561063579-28] - o.s.w.f.CommonsRequestLoggingFilter - Trace-Id: 5c1a7594-a634-4920-8b05-f0810ca5e502 - Before request [GET /v2/api-docs]  
2021-08-30 06:42:59.024 - DEBUG - 1 --- [qtp1561063579-30] - o.s.w.f.CommonsRequestLoggingFilter - Trace-Id: 179d9f92-937f-4ce4-b289-e6b13d60d230 - REQUEST DATA : GET /]  
2021-08-30 06:42:59.041 - DEBUG - 1 --- [qtp1561063579-22] - o.s.w.f.CommonsRequestLoggingFilter - Trace-Id: 7811869d-b7f0-4ea4-979b-cec171edf69a - Before request [GET /webjars/springfox-swagger-ui/fonts/titillium-web-v6-latin-700.woff2]  
2021-08-30 06:42:59.043 - INFO - 1 --- [qtp1561063579-30] - o.e.j.s.RequestLog - Trace-Id: 179d9f92-937f-4ce4-b289-e6b13d60d230 - 172.17.0.1 - - [30/Aug/2021:06:42:59 +0000] "GET / HTTP/1.1" 404 102 "http://localhost:8080/swagger-ui.html" "Mozilla/5.0 (Macintosh; Intel Mac OS X 10_15_7) AppleWebKit/537.36 (KHTML, like Gecko) Chrome/92.0.4515.159 Safari/537.36" 22  
2021-08-30 06:42:59.044 - DEBUG - 1 --- [qtp1561063579-22] - o.s.w.f.CommonsRequestLoggingFilter - Trace-Id: 7811869d-b7f0-4ea4-979b-cec171edf69a - REQUEST DATA : GET /webjars/springfox-swagger-ui/fonts/titillium-web-v6-latin-700.woff2]  
2021-08-30 06:42:59.045 - INFO - 1 --- [qtp1561063579-22] - o.e.j.s.RequestLog - Trace-Id: 7811869d-b7f0-4ea4-979b-cec171edf69a - 172.17.0.1 - - [30/Aug/2021:06:42:59 +0000] "GET /webjars/springfox-swagger-ui/fonts/titillium-web-v6-latin-700.woff2 HTTP/1.1" 200 11640 "http://localhost:8080/webjars/springfox-swagger-ui/springfox.css?v=2.9.2" "Mozilla/5.0 (Macintosh; Intel Mac OS X 10_15_7) AppleWebKit/537.36 (KHTML, like Gecko) Chrome/92.0.4515.159 Safari/537.36" 5  
2021-08-30 06:42:59.049 - DEBUG - 1 --- [qtp1561063579-16] - o.s.w.f.CommonsRequestLoggingFilter - Trace-Id: 467564a6-749c-42f8-aba4-7f8254775585 - Before request [GET /csrf]  
2021-08-30 06:42:59.054 - DEBUG - 1 --- [qtp1561063579-16] - o.s.w.f.CommonsRequestLoggingFilter - Trace-Id: 467564a6-749c-42f8-aba4-7f8254775585 - REQUEST DATA : GET /csrf]  
2021-08-30 06:42:59.057 - INFO - 1 --- [qtp1561063579-16] - o.e.j.s.RequestLog - Trace-Id: 467564a6-749c-42f8-aba4-7f8254775585 - 172.17.0.1 - - [30/Aug/2021:06:42:59 +0000] "GET /csrf HTTP/1.1" 404 106 "http://localhost:8080/swagger-ui.html" "Mozilla/5.0 (Macintosh; Intel Mac OS X 10_15_7) AppleWebKit/537.36 (KHTML, like Gecko) Chrome/92.0.4515.159 Safari/537.36" 8  
2021-08-30 06:42:59.149 - DEBUG - 1 --- [qtp1561063579-28] - o.s.w.f.CommonsRequestLoggingFilter - Trace-Id: 5c1a7594-a634-4920-8b05-f0810ca5e502 - REQUEST DATA : GET /v2/api-docs]  
2021-08-30 06:42:59.150 - INFO - 1 --- [qtp1561063579-28] - o.e.j.s.RequestLog - Trace-Id: 5c1a7594-a634-4920-8b05-f0810ca5e502 - 172.17.0.1 - - [30/Aug/2021:06:42:59 +0000] "GET /v2/api-docs HTTP/1.1" 200 739 "http://localhost:8080/swagger-ui.html" "Mozilla/5.0 (Macintosh; Intel Mac OS X 10_15_7) AppleWebKit/537.36 (KHTML, like Gecko) Chrome/92.0.4515.159 Safari/537.36" 129  
2021-08-30 06:42:59.217 - DEBUG - 1 --- [qtp1561063579-29] - o.s.w.f.CommonsRequestLoggingFilter - Trace-Id: 03bdcfdf-7e29-4b90-8dd8-a931e1d86900 - Before request [GET /webjars/springfox-swagger-ui/fonts/open-sans-v15-latin-700.woff2]  
2021-08-30 06:42:59.217 - DEBUG - 1 --- [qtp1561063579-22] - o.s.w.f.CommonsRequestLoggingFilter - Trace-Id: e2ae9daf-1466-4a81-ad0b-86c79b7bcde7 - Before request [GET /webjars/springfox-swagger-ui/fonts/source-code-pro-v7-latin-300.woff2]  
2021-08-30 06:42:59.217 - DEBUG - 1 --- [qtp1561063579-15] - o.s.w.f.CommonsRequestLoggingFilter - Trace-Id: 92eb7321-d465-4d42-8cec-e91126b741e0 - Before request [GET /webjars/springfox-swagger-ui/fonts/open-sans-v15-latin-regular.woff2]  
2021-08-30 06:42:59.219 - DEBUG - 1 --- [qtp1561063579-29] - o.s.w.f.CommonsRequestLoggingFilter - Trace-Id: 03bdcfdf-7e29-4b90-8dd8-a931e1d86900 - REQUEST DATA : GET /webjars/springfox-swagger-ui/fonts/open-sans-v15-latin-700.woff2]  
2021-08-30 06:42:59.219 - DEBUG - 1 --- [qtp1561063579-22] - o.s.w.f.CommonsRequestLoggingFilter - Trace-Id: e2ae9daf-1466-4a81-ad0b-86c79b7bcde7 - REQUEST DATA : GET /webjars/springfox-swagger-ui/fonts/source-code-pro-v7-latin-300.woff2]  
2021-08-30 06:42:59.220 - INFO - 1 --- [qtp1561063579-22] - o.e.j.s.RequestLog - Trace-Id: e2ae9daf-1466-4a81-ad0b-86c79b7bcde7 - 172.17.0.1 - - [30/Aug/2021:06:42:59 +0000] "GET /webjars/springfox-swagger-ui/fonts/source-code-pro-v7-latin-300.woff2 HTTP/1.1" 200 13292 "http://localhost:8080/webjars/springfox-swagger-ui/springfox.css?v=2.9.2" "Mozilla/5.0 (Macintosh; Intel Mac OS X 10_15_7) AppleWebKit/537.36 (KHTML, like Gecko) Chrome/92.0.4515.159 Safari/537.36" 4  
2021-08-30 06:42:59.220 - INFO - 1 --- [qtp1561063579-29] - o.e.j.s.RequestLog - Trace-Id: 03bdcfdf-7e29-4b90-8dd8-a931e1d86900 - 172.17.0.1 - - [30/Aug/2021:06:42:59 +0000] "GET /webjars/springfox-swagger-ui/fonts/open-sans-v15-latin-700.woff2 HTTP/1.1" 200 14720 "http://localhost:8080/webjars/springfox-swagger-ui/springfox.css?v=2.9.2" "Mozilla/5.0 (Macintosh; Intel Mac OS X 10_15_7) AppleWebKit/537.36 (KHTML, like Gecko) Chrome/92.0.4515.159 Safari/537.36" 4  
2021-08-30 06:42:59.221 - DEBUG - 1 --- [qtp1561063579-15] - o.s.w.f.CommonsRequestLoggingFilter - Trace-Id: 92eb7321-d465-4d42-8cec-e91126b741e0 - REQUEST DATA : GET /webjars/springfox-swagger-ui/fonts/open-sans-v15-latin-regular.woff2]  
2021-08-30 06:42:59.222 - INFO - 1 --- [qtp1561063579-15] - o.e.j.s.RequestLog - Trace-Id: 92eb7321-d465-4d42-8cec-e91126b741e0 - 172.17.0.1 - - [30/Aug/2021:06:42:59 +0000] "GET /webjars/springfox-swagger-ui/fonts/open-sans-v15-latin-regular.woff2 HTTP/1.1" 200 14048 "http://localhost:8080/webjars/springfox-swagger-ui/springfox.css?v=2.9.2" "Mozilla/5.0 (Macintosh; Intel Mac OS X 10_15_7) AppleWebKit/537.36 (KHTML, like Gecko) Chrome/92.0.4515.159 Safari/537.36" 5  
2021-08-30 06:43:00.958 - DEBUG - 1 --- [qtp1561063579-30] - o.s.w.f.CommonsRequestLoggingFilter - Trace-Id: 7addf6cf-bad6-4cd3-b657-903d1b4a4db2 - Before request [GET /webjars/springfox-swagger-ui/fonts/source-code-pro-v7-latin-600.woff2]  
2021-08-30 06:43:00.961 - DEBUG - 1 --- [qtp1561063579-30] - o.s.w.f.CommonsRequestLoggingFilter - Trace-Id: 7addf6cf-bad6-4cd3-b657-903d1b4a4db2 - REQUEST DATA : GET /webjars/springfox-swagger-ui/fonts/source-code-pro-v7-latin-600.woff2]  
2021-08-30 06:43:00.961 - INFO - 1 --- [qtp1561063579-30] - o.e.j.s.RequestLog - Trace-Id: 7addf6cf-bad6-4cd3-b657-903d1b4a4db2 - 172.17.0.1 - - [30/Aug/2021:06:43:00 +0000] "GET /webjars/springfox-swagger-ui/fonts/source-code-pro-v7-latin-600.woff2 HTTP/1.1" 200 12956 "http://localhost:8080/webjars/springfox-swagger-ui/springfox.css?v=2.9.2" "Mozilla/5.0 (Macintosh; Intel Mac OS X 10_15_7) AppleWebKit/537.36 (KHTML, like Gecko) Chrome/92.0.4515.159 Safari/537.36" 4  
2021-08-30 06:43:01.746 - DEBUG - 1 --- [qtp1561063579-15] - o.s.w.f.CommonsRequestLoggingFilter - Trace-Id: bde19881-cc55-4925-a186-dd209220f98e - Before request [GET /webjars/springfox-swagger-ui/fonts/titillium-web-v6-latin-regular.woff2]  
2021-08-30 06:43:01.749 - DEBUG - 1 --- [qtp1561063579-15] - o.s.w.f.CommonsRequestLoggingFilter - Trace-Id: bde19881-cc55-4925-a186-dd209220f98e - REQUEST DATA : GET /webjars/springfox-swagger-ui/fonts/titillium-web-v6-latin-regular.woff2]  
2021-08-30 06:43:01.750 - INFO - 1 --- [qtp1561063579-15] - o.e.j.s.RequestLog - Trace-Id: bde19881-cc55-4925-a186-dd209220f98e - 172.17.0.1 - - [30/Aug/2021:06:43:01 +0000] "GET /webjars/springfox-swagger-ui/fonts/titillium-web-v6-latin-regular.woff2 HTTP/1.1" 200 12264 "http://localhost:8080/webjars/springfox-swagger-ui/springfox.css?v=2.9.2" "Mozilla/5.0 (Macintosh; Intel Mac OS X 10_15_7) AppleWebKit/537.36 (KHTML, like Gecko) Chrome/92.0.4515.159 Safari/537.36" 5  
2021-08-30 06:46:25.226 - INFO - 1 --- [SpringContextShutdownHook] - o.e.j.s.AbstractConnector - Trace-Id:  - Stopped ServerConnector@496bc455{HTTP/1.1, (http/1.1)}{0.0.0.0:8080}  
2021-08-30 06:46:25.226 - INFO - 1 --- [SpringContextShutdownHook] - o.e.j.s.session - Trace-Id:  - node0 Stopped scavenging  
2021-08-30 06:46:25.229 - INFO - 1 --- [SpringContextShutdownHook] - o.e.j.s.h.C.application - Trace-Id:  - Destroying Spring FrameworkServlet 'dispatcherServlet'  
2021-08-30 06:46:25.230 - INFO - 1 --- [SpringContextShutdownHook] - o.e.j.s.h.ContextHandler - Trace-Id:  - Stopped o.s.b.w.e.j.JettyEmbeddedWebAppContext@13d9cbf5{application,/,[file:///tmp/jetty-docbase.6961973650228622599.8080/, jar:file:/news-api-1.0.jar!/BOOT-INF/lib/springfox-swagger-ui-2.9.2.jar!/META-INF/resources],UNAVAILABLE}  
2021-08-30 06:46:25.233 - INFO - 1 --- [SpringContextShutdownHook] - o.s.s.c.ThreadPoolTaskExecutor - Trace-Id:  - Shutting down ExecutorService 'applicationTaskExecutor'  
2021-08-30 06:47:20,538 main INFO jar:file:/news-api-1.0.jar!/BOOT-INF/classes!/log4j2.xml does not support dynamic reconfiguration

  .   ____          _            __ _ _
 /\\ / ___'_ __ _ _(_)_ __  __ _ \ \ \ \
( ( )\___ | '_ | '_| | '_ \/ _` | \ \ \ \
 \\/  ___)| |_)| | | | | || (_| |  ) ) ) )
  '  |____| .__|_| |_|_| |_\__, | / / / /
 =========|_|==============|___/=/_/_/_/
 :: Spring Boot ::        (v2.3.2.RELEASE)

2021-08-30 06:47:20.787 - INFO - 1 --- [main] - c.s.n.NewsApplication - Trace-Id:  - Starting NewsApplication v1.0 on ec3f986d9979 with PID 1 (/news-api-1.0.jar started by root in /)  
2021-08-30 06:47:20.808 - INFO - 1 --- [main] - c.s.n.NewsApplication - Trace-Id:  - No active profile set, falling back to default profiles: default  
2021-08-30 06:47:22.555 - INFO - 1 --- [main] - i.g.r.u.RxJava2OnClasspathCondition - Trace-Id:  - RxJava2 related Aspect extensions are not activated, because RxJava2 is not on the classpath.  
2021-08-30 06:47:22.558 - INFO - 1 --- [main] - i.g.r.u.ReactorOnClasspathCondition - Trace-Id:  - Reactor related Aspect extensions are not activated because Reactor is not on the classpath.  
2021-08-30 06:47:22.579 - INFO - 1 --- [main] - i.g.r.u.RxJava2OnClasspathCondition - Trace-Id:  - RxJava2 related Aspect extensions are not activated, because RxJava2 is not on the classpath.  
2021-08-30 06:47:22.581 - INFO - 1 --- [main] - i.g.r.u.ReactorOnClasspathCondition - Trace-Id:  - Reactor related Aspect extensions are not activated because Reactor is not on the classpath.  
2021-08-30 06:47:22.618 - INFO - 1 --- [main] - i.g.r.u.RxJava2OnClasspathCondition - Trace-Id:  - RxJava2 related Aspect extensions are not activated, because RxJava2 is not on the classpath.  
2021-08-30 06:47:22.620 - INFO - 1 --- [main] - i.g.r.u.ReactorOnClasspathCondition - Trace-Id:  - Reactor related Aspect extensions are not activated because Reactor is not on the classpath.  
2021-08-30 06:47:22.643 - INFO - 1 --- [main] - i.g.r.u.RxJava2OnClasspathCondition - Trace-Id:  - RxJava2 related Aspect extensions are not activated, because RxJava2 is not on the classpath.  
2021-08-30 06:47:22.646 - INFO - 1 --- [main] - i.g.r.u.ReactorOnClasspathCondition - Trace-Id:  - Reactor related Aspect extensions are not activated because Reactor is not on the classpath.  
2021-08-30 06:47:22.668 - INFO - 1 --- [main] - i.g.r.u.RxJava2OnClasspathCondition - Trace-Id:  - RxJava2 related Aspect extensions are not activated, because RxJava2 is not on the classpath.  
2021-08-30 06:47:22.670 - INFO - 1 --- [main] - i.g.r.u.ReactorOnClasspathCondition - Trace-Id:  - Reactor related Aspect extensions are not activated because Reactor is not on the classpath.  
2021-08-30 06:47:22.690 - INFO - 1 --- [main] - i.g.r.u.RxJava2OnClasspathCondition - Trace-Id:  - RxJava2 related Aspect extensions are not activated, because RxJava2 is not on the classpath.  
2021-08-30 06:47:22.692 - INFO - 1 --- [main] - i.g.r.u.ReactorOnClasspathCondition - Trace-Id:  - Reactor related Aspect extensions are not activated because Reactor is not on the classpath.  
2021-08-30 06:47:23.590 - INFO - 1 --- [main] - o.e.j.u.log - Trace-Id:  - Logging initialized @4992ms to org.eclipse.jetty.util.log.Slf4jLog  
2021-08-30 06:47:23.876 - INFO - 1 --- [main] - c.s.n.c.JettyServletWebServerFactoryConfiguration$$EnhancerBySpringCGLIB$$6f9da4f4 - Trace-Id:  - Server initialized with port: 8080  
2021-08-30 06:47:23.885 - INFO - 1 --- [main] - o.e.j.s.Server - Trace-Id:  - jetty-9.4.30.v20200611; built: 2020-06-11T12:34:51.929Z; git: 271836e4c1f4612f12b7bb13ef5a92a927634b0d; jvm 1.8.0_302-b08  
2021-08-30 06:47:23.923 - INFO - 1 --- [main] - o.e.j.s.h.C.application - Trace-Id:  - Initializing Spring embedded WebApplicationContext  
2021-08-30 06:47:23.923 - INFO - 1 --- [main] - o.s.b.w.s.c.ServletWebServerApplicationContext - Trace-Id:  - Root WebApplicationContext: initialization completed in 3024 ms  
2021-08-30 06:47:24.452 - INFO - 1 --- [main] - o.e.j.s.session - Trace-Id:  - DefaultSessionIdManager workerName=node0  
2021-08-30 06:47:24.453 - INFO - 1 --- [main] - o.e.j.s.session - Trace-Id:  - No SessionScavenger set, using defaults  
2021-08-30 06:47:24.455 - INFO - 1 --- [main] - o.e.j.s.session - Trace-Id:  - node0 Scavenging every 660000ms  
2021-08-30 06:47:24.475 - INFO - 1 --- [main] - o.e.j.s.h.ContextHandler - Trace-Id:  - Started o.s.b.w.e.j.JettyEmbeddedWebAppContext@7bf3a5d8{application,/,[file:///tmp/jetty-docbase.2454944273440456760.8080/, jar:file:/news-api-1.0.jar!/BOOT-INF/lib/springfox-swagger-ui-2.9.2.jar!/META-INF/resources],AVAILABLE}  
2021-08-30 06:47:24.490 - INFO - 1 --- [main] - o.e.j.s.Server - Trace-Id:  - Started @5893ms  
2021-08-30 06:47:26.053 - INFO - 1 --- [main] - o.s.b.a.e.w.EndpointLinksResolver - Trace-Id:  - Exposing 2 endpoint(s) beneath base path '/actuator'  
2021-08-30 06:47:26.263 - INFO - 1 --- [main] - s.d.s.w.PropertySourcedRequestMappingHandlerMapping - Trace-Id:  - Mapped URL path [/v2/api-docs] onto method [springfox.documentation.swagger2.web.Swagger2Controller#getDocumentation(String, HttpServletRequest)]  
2021-08-30 06:47:26.556 - INFO - 1 --- [main] - o.s.s.c.ThreadPoolTaskExecutor - Trace-Id:  - Initializing ExecutorService 'applicationTaskExecutor'  
2021-08-30 06:47:27.005 - INFO - 1 --- [main] - o.e.j.s.h.C.application - Trace-Id:  - Initializing Spring DispatcherServlet 'dispatcherServlet'  
2021-08-30 06:47:27.005 - INFO - 1 --- [main] - o.s.w.s.DispatcherServlet - Trace-Id:  - Initializing Servlet 'dispatcherServlet'  
2021-08-30 06:47:27.027 - INFO - 1 --- [main] - o.s.w.s.DispatcherServlet - Trace-Id:  - Completed initialization in 22 ms  
2021-08-30 06:47:27.193 - INFO - 1 --- [main] - o.e.j.s.AbstractConnector - Trace-Id:  - Started ServerConnector@7a5ceedd{HTTP/1.1, (http/1.1)}{0.0.0.0:8080}  
2021-08-30 06:47:27.196 - INFO - 1 --- [main] - o.s.b.w.e.j.JettyWebServer - Trace-Id:  - Jetty started on port(s) 8080 (http/1.1) with context path ''  
2021-08-30 06:47:27.197 - INFO - 1 --- [main] - s.d.s.w.p.DocumentationPluginsBootstrapper - Trace-Id:  - Context refreshed  
2021-08-30 06:47:27.246 - INFO - 1 --- [main] - s.d.s.w.p.DocumentationPluginsBootstrapper - Trace-Id:  - Found 1 custom documentation plugin(s)  
2021-08-30 06:47:27.320 - INFO - 1 --- [main] - s.d.s.w.s.ApiListingReferenceScanner - Trace-Id:  - Scanning for api listing references  
2021-08-30 06:47:27.571 - INFO - 1 --- [main] - c.s.n.NewsApplication - Trace-Id:  - Started NewsApplication in 7.506 seconds (JVM running for 8.974)  
2021-08-30 06:47:31.750 - INFO - 1 --- [qtp750029115-21] - o.e.j.s.RequestLog - Trace-Id: cde406f6-c8d5-4998-b4c3-85d200598c34 - 172.17.0.1 - - [30/Aug/2021:06:47:31 +0000] "GET /swagger-ui.html HTTP/1.1" 200 1195 "-" "Mozilla/5.0 (Macintosh; Intel Mac OS X 10_15_7) AppleWebKit/537.36 (KHTML, like Gecko) Chrome/92.0.4515.159 Safari/537.36" 103  
2021-08-30 06:47:32.202 - INFO - 1 --- [qtp750029115-17] - o.e.j.s.RequestLog - Trace-Id: d2175696-11c3-41fd-8dd9-931d13e5ea88 - 172.17.0.1 - - [30/Aug/2021:06:47:32 +0000] "GET /webjars/springfox-swagger-ui/favicon-32x32.png?v=2.9.2 HTTP/1.1" 200 1141 "http://localhost:8080/swagger-ui.html" "Mozilla/5.0 (Macintosh; Intel Mac OS X 10_15_7) AppleWebKit/537.36 (KHTML, like Gecko) Chrome/92.0.4515.159 Safari/537.36" 4  
2021-08-30 06:47:32.266 - INFO - 1 --- [qtp750029115-16] - o.e.j.s.RequestLog - Trace-Id: 3f2d25bf-299c-45b3-b702-08c05b196691 - 172.17.0.1 - - [30/Aug/2021:06:47:32 +0000] "GET /swagger-resources/configuration/ui HTTP/1.1" 200 253 "http://localhost:8080/swagger-ui.html" "Mozilla/5.0 (Macintosh; Intel Mac OS X 10_15_7) AppleWebKit/537.36 (KHTML, like Gecko) Chrome/92.0.4515.159 Safari/537.36" 87  
2021-08-30 06:47:32.280 - INFO - 1 --- [qtp750029115-22] - o.e.j.s.RequestLog - Trace-Id: 51bf2b3b-d92f-409f-a263-181ac73ea6d9 - 172.17.0.1 - - [30/Aug/2021:06:47:32 +0000] "GET /swagger-resources/configuration/security HTTP/1.1" 200 22 "http://localhost:8080/swagger-ui.html" "Mozilla/5.0 (Macintosh; Intel Mac OS X 10_15_7) AppleWebKit/537.36 (KHTML, like Gecko) Chrome/92.0.4515.159 Safari/537.36" 10  
2021-08-30 06:47:32.295 - INFO - 1 --- [qtp750029115-21] - o.e.j.s.RequestLog - Trace-Id: 68cbbf46-8bd4-435a-a954-12bc7c53bfe9 - 172.17.0.1 - - [30/Aug/2021:06:47:32 +0000] "GET /swagger-resources HTTP/1.1" 200 90 "http://localhost:8080/swagger-ui.html" "Mozilla/5.0 (Macintosh; Intel Mac OS X 10_15_7) AppleWebKit/537.36 (KHTML, like Gecko) Chrome/92.0.4515.159 Safari/537.36" 6  
2021-08-30 06:47:32.349 - INFO - 1 --- [qtp750029115-20] - o.e.j.s.RequestLog - Trace-Id: bbf1d532-7a60-4355-84ed-979a79e0307e - 172.17.0.1 - - [30/Aug/2021:06:47:32 +0000] "GET / HTTP/1.1" 404 102 "http://localhost:8080/swagger-ui.html" "Mozilla/5.0 (Macintosh; Intel Mac OS X 10_15_7) AppleWebKit/537.36 (KHTML, like Gecko) Chrome/92.0.4515.159 Safari/537.36" 20  
2021-08-30 06:47:32.358 - INFO - 1 --- [qtp750029115-21] - o.e.j.s.RequestLog - Trace-Id: 7e324a7b-4e8b-402c-8f9e-65d8eef076e1 - 172.17.0.1 - - [30/Aug/2021:06:47:32 +0000] "GET /csrf HTTP/1.1" 404 106 "http://localhost:8080/swagger-ui.html" "Mozilla/5.0 (Macintosh; Intel Mac OS X 10_15_7) AppleWebKit/537.36 (KHTML, like Gecko) Chrome/92.0.4515.159 Safari/537.36" 5  
2021-08-30 06:47:32.454 - INFO - 1 --- [qtp750029115-22] - o.e.j.s.RequestLog - Trace-Id: 3879a35d-8a0c-4abe-8078-a20c4d7e1007 - 172.17.0.1 - - [30/Aug/2021:06:47:32 +0000] "GET /v2/api-docs HTTP/1.1" 200 739 "http://localhost:8080/swagger-ui.html" "Mozilla/5.0 (Macintosh; Intel Mac OS X 10_15_7) AppleWebKit/537.36 (KHTML, like Gecko) Chrome/92.0.4515.159 Safari/537.36" 125  
2021-08-31 09:03:21.628 - INFO - 1 --- [SpringContextShutdownHook] - o.e.j.s.AbstractConnector - Trace-Id:  - Stopped ServerConnector@7a5ceedd{HTTP/1.1, (http/1.1)}{0.0.0.0:8080}  
2021-08-31 09:03:21.632 - INFO - 1 --- [SpringContextShutdownHook] - o.e.j.s.session - Trace-Id:  - node0 Stopped scavenging  
2021-08-31 09:03:21.637 - INFO - 1 --- [SpringContextShutdownHook] - o.e.j.s.h.C.application - Trace-Id:  - Destroying Spring FrameworkServlet 'dispatcherServlet'  
2021-08-31 09:03:21.640 - INFO - 1 --- [SpringContextShutdownHook] - o.e.j.s.h.ContextHandler - Trace-Id:  - Stopped o.s.b.w.e.j.JettyEmbeddedWebAppContext@7bf3a5d8{application,/,[file:///tmp/jetty-docbase.2454944273440456760.8080/, jar:file:/news-api-1.0.jar!/BOOT-INF/lib/springfox-swagger-ui-2.9.2.jar!/META-INF/resources],UNAVAILABLE}  
2021-08-31 09:03:21.647 - INFO - 1 --- [SpringContextShutdownHook] - o.s.s.c.ThreadPoolTaskExecutor - Trace-Id:  - Shutting down ExecutorService 'applicationTaskExecutor'  
